<?xml version="1.0" encoding="UTF-8"?>
<!-- Generated by org.testng.reporters.JUnitReportReporter -->
<testsuite hostname="DESKTOP-0NBA5SR" failures="0" tests="4" name="tests.LoginTests" time="26.932" errors="0" timestamp="2024-06-22T00:58:21 EEST" skipped="0">
  <testcase classname="tests.LoginTests" name="MainScreenElements" time="8.230"/>
  <system-out/>
  <testcase classname="tests.LoginTests" name="WrongCredentials" time="6.104"/>
  <system-out/>
  <testcase classname="tests.LoginTests" name="ValidCredentials" time="6.738"/>
  <system-out/>
  <testcase classname="tests.LoginTests" name="EmptyCredentials" time="5.860"/>
  <system-out/>
</testsuite> <!-- tests.LoginTests -->
